2022-09-12 15:55:19,969 INFO client.py Запущен клиент с парамертами: адрес сервера: 127.0.0.1 , порт: 7000, имя пользователя: test3
2022-09-12 15:55:19,969 INFO client.py Запущен клиент с парамертами: адрес сервера: 127.0.0.1 , порт: 7000, имя пользователя: test1
2022-09-12 15:55:19,969 INFO client.py Запущен клиент с парамертами: адрес сервера: 127.0.0.1 , порт: 7000, имя пользователя: test2
2022-09-12 15:55:19,969 DEBUG client.py Сформировано presence сообщение для пользователя test3
2022-09-12 15:55:19,969 DEBUG client.py Сформировано presence сообщение для пользователя test1
2022-09-12 15:55:19,969 DEBUG client.py Сформировано presence сообщение для пользователя test2
2022-09-12 15:55:20,114 DEBUG client.py Разбор приветственного сообщения от сервера: {'response': 200}
2022-09-12 15:55:20,114 INFO client.py Установлено соединение с сервером. Ответ сервера: 200 : OK
2022-09-12 15:55:20,114 DEBUG client.py Запущены процессы
2022-09-12 15:55:20,223 DEBUG client.py Разбор приветственного сообщения от сервера: {'response': 200}
2022-09-12 15:55:20,223 INFO client.py Установлено соединение с сервером. Ответ сервера: 200 : OK
2022-09-12 15:55:20,223 DEBUG client.py Запущены процессы
2022-09-12 15:55:20,332 DEBUG client.py Разбор приветственного сообщения от сервера: {'response': 200}
2022-09-12 15:55:20,332 INFO client.py Установлено соединение с сервером. Ответ сервера: 200 : OK
2022-09-12 15:55:20,332 DEBUG client.py Запущены процессы
2022-09-12 15:55:45,632 INFO client.py Запущен клиент с парамертами: адрес сервера: 127.0.0.1 , порт: 7000, имя пользователя: test2
2022-09-12 15:55:45,648 INFO client.py Запущен клиент с парамертами: адрес сервера: 127.0.0.1 , порт: 7000, имя пользователя: test1
2022-09-12 15:55:45,648 INFO client.py Запущен клиент с парамертами: адрес сервера: 127.0.0.1 , порт: 7000, имя пользователя: test3
2022-09-12 15:55:46,638 DEBUG client.py Сформировано presence сообщение для пользователя test2
2022-09-12 15:55:46,669 DEBUG client.py Сформировано presence сообщение для пользователя test3
2022-09-12 15:55:46,669 DEBUG client.py Сформировано presence сообщение для пользователя test1
2022-09-12 15:55:46,732 DEBUG client.py Разбор приветственного сообщения от сервера: {'response': 200}
2022-09-12 15:55:46,732 INFO client.py Установлено соединение с сервером. Ответ сервера: 200 : OK
2022-09-12 15:55:46,732 DEBUG client.py Запущены процессы
2022-09-12 15:55:46,841 DEBUG client.py Разбор приветственного сообщения от сервера: {'response': 200}
2022-09-12 15:55:46,841 INFO client.py Установлено соединение с сервером. Ответ сервера: 200 : OK
2022-09-12 15:55:46,841 DEBUG client.py Запущены процессы
2022-09-12 15:55:46,966 DEBUG client.py Разбор приветственного сообщения от сервера: {'response': 200}
2022-09-12 15:55:46,966 INFO client.py Установлено соединение с сервером. Ответ сервера: 200 : OK
2022-09-12 15:55:46,966 DEBUG client.py Запущены процессы
2022-09-12 15:56:48,010 INFO client.py Завершение работы по команде пользователя.
2022-09-12 15:56:55,405 CRITICAL client.py Потеряно соединение с сервером.
2022-09-14 15:12:18,864 INFO client.py Запущен клиент с парамертами: адрес сервера: 127.0.0.1 , порт: 7777, имя пользователя: test1
2022-09-14 15:12:18,864 INFO client.py Запущен клиент с парамертами: адрес сервера: 127.0.0.1 , порт: 7777, имя пользователя: test2
2022-09-14 15:12:19,380 DEBUG client.py Сформировано presence сообщение для пользователя test1
2022-09-14 15:12:19,380 DEBUG client.py Сформировано presence сообщение для пользователя test2
2022-09-14 15:12:20,225 DEBUG client.py Разбор приветственного сообщения от сервера: {'response': 200}
2022-09-14 15:12:20,225 INFO client.py Установлено соединение с сервером. Ответ сервера: 200 : OK
2022-09-14 15:12:20,227 DEBUG client.py Запущены процессы
2022-09-14 15:12:20,313 DEBUG client.py Разбор приветственного сообщения от сервера: {'response': 200}
2022-09-14 15:12:20,313 INFO client.py Установлено соединение с сервером. Ответ сервера: 200 : OK
2022-09-14 15:12:20,313 DEBUG client.py Запущены процессы
2022-09-14 15:12:53,679 CRITICAL client.py Потеряно соединение с сервером.
2022-09-15 09:40:30,201 INFO client.py Запущен клиент с параметрами: адрес сервера: 127.0.0.1 , порт: 7777, имя пользователя: Roman
2022-09-15 09:40:30,250 DEBUG client.py Сформировано presence сообщение для пользователя Roman
2022-09-15 09:41:39,361 INFO client.py Запущен клиент с параметрами: адрес сервера: 127.0.0.1 , порт: 7777, имя пользователя: r
2022-09-15 09:41:39,377 DEBUG client.py Сформировано presence сообщение для пользователя r
2022-09-15 09:41:40,147 DEBUG client.py Разбор приветственного сообщения от сервера: {'response': 200}
2022-09-15 09:41:40,147 INFO client.py Установлено соединение с сервером. Ответ сервера: 200 : OK
2022-09-15 09:41:40,702 DEBUG client.py Запрос списка известных пользователей r
2022-09-15 09:41:41,296 DEBUG client.py Запрос контакт листа для пользователя r
2022-09-15 09:41:41,297 DEBUG client.py Сформирован запрос {'action': 'get_contacts', 'time': 1663216901.2970374, 'user': 'r'}
2022-09-15 09:41:41,676 DEBUG client.py Получен ответ {'response': 202, 'data_list': []}
2022-09-15 09:41:41,677 DEBUG client.py Запущены процессы
2022-09-15 09:41:53,042 CRITICAL client.py Потеряно соединение с сервером.
2022-09-15 09:43:36,709 INFO client.py Запущен клиент с параметрами: адрес сервера: 127.0.0.1 , порт: 7777, имя пользователя: test2
2022-09-15 09:43:36,710 INFO client.py Запущен клиент с параметрами: адрес сервера: 127.0.0.1 , порт: 7777, имя пользователя: test1
2022-09-15 09:43:37,224 DEBUG client.py Сформировано presence сообщение для пользователя test2
2022-09-15 09:43:37,224 DEBUG client.py Сформировано presence сообщение для пользователя test1
2022-09-15 09:43:37,500 DEBUG client.py Разбор приветственного сообщения от сервера: {'response': 200}
2022-09-15 09:43:37,500 INFO client.py Установлено соединение с сервером. Ответ сервера: 200 : OK
2022-09-15 09:43:37,720 DEBUG client.py Разбор приветственного сообщения от сервера: {'response': 200}
2022-09-15 09:43:37,720 INFO client.py Установлено соединение с сервером. Ответ сервера: 200 : OK
2022-09-15 09:43:38,144 DEBUG client.py Запрос списка известных пользователей test1
2022-09-15 09:43:38,269 DEBUG client.py Запрос списка известных пользователей test2
2022-09-15 09:43:38,349 DEBUG client.py Запрос контакт листа для пользователя test1
2022-09-15 09:43:38,349 DEBUG client.py Сформирован запрос {'action': 'get_contacts', 'time': 1663217018.3493662, 'user': 'test1'}
2022-09-15 09:43:38,729 DEBUG client.py Получен ответ {'response': 202, 'data_list': []}
2022-09-15 09:43:38,730 DEBUG client.py Запущены процессы
2022-09-15 09:43:40,117 DEBUG client.py Запрос контакт листа для пользователя test2
2022-09-15 09:43:40,118 DEBUG client.py Сформирован запрос {'action': 'get_contacts', 'time': 1663217020.1185055, 'user': 'test2'}
2022-09-15 09:43:40,245 DEBUG client.py Получен ответ {'response': 202, 'data_list': []}
2022-09-15 09:43:40,246 DEBUG client.py Запущены процессы
2022-09-15 09:44:02,934 DEBUG client.py Сформирован словарь сообщения: {'action': 'message', 'from': 'test2', 'to': 'test1', 'time': 1663217042.9349644, 'mess_text': 'dsfdsf'}
2022-09-15 09:44:03,109 INFO client.py Отправлено сообщение для пользователя test1
2022-09-15 09:44:21,961 DEBUG client.py Сформирован словарь сообщения: {'action': 'message', 'from': 'test1', 'to': 'test2', 'time': 1663217061.961999, 'mess_text': 'dsdsf'}
2022-09-15 09:44:23,051 INFO client.py Отправлено сообщение для пользователя test2
2022-09-21 16:34:07,784 INFO client.py Запущен клиент с парамертами: адрес сервера: 127.0.0.1 , порт: 7777, имя пользователя: qaw
2022-09-21 16:34:08,390 INFO transport.py Попытка подключения №1
2022-09-21 16:34:08,400 DEBUG transport.py Установлено соединение с сервером
2022-09-21 16:34:08,400 DEBUG transport.py Сформировано presence сообщение для пользователя qaw
2022-09-21 16:34:09,649 DEBUG transport.py Разбор сообщения от сервера: {'response': 200}
2022-09-21 16:34:09,650 INFO transport.py Соединение с сервером успешно установлено.
2022-09-21 16:34:09,650 DEBUG transport.py Запрос списка известных пользователей qaw
2022-09-21 16:34:11,175 DEBUG transport.py Запрос контакт листа для пользователя Thread-1
2022-09-21 16:34:11,175 DEBUG transport.py Сформирован запрос {'action': 'get_contacts', 'time': 1663760051.175759, 'user': 'qaw'}
2022-09-21 16:34:11,445 DEBUG transport.py Получен ответ {'response': 202, 'data_list': []}
2022-09-21 16:34:11,445 DEBUG transport.py Запущен процесс - приёмник сообщений с сервера.
2022-09-21 16:34:15,482 DEBUG transport.py Запрос списка известных пользователей qaw
2022-09-21 16:34:16,101 DEBUG add_contact.py Обновление списка пользователей с сервера выполнено
2022-09-21 16:34:17,526 DEBUG transport.py Транспорт завершает работу.
2022-09-21 16:34:18,467 DEBUG transport.py Потеряно соединение с сервером.
2022-09-21 16:34:25,959 INFO client.py Запущен клиент с парамертами: адрес сервера: 127.0.0.1 , порт: 7777, имя пользователя: test2
2022-09-21 16:34:25,959 INFO client.py Запущен клиент с парамертами: адрес сервера: 127.0.0.1 , порт: 7777, имя пользователя: test1
2022-09-21 16:34:26,152 INFO transport.py Попытка подключения №1
2022-09-21 16:34:26,152 INFO transport.py Попытка подключения №1
2022-09-21 16:34:26,152 DEBUG transport.py Установлено соединение с сервером
2022-09-21 16:34:26,152 DEBUG transport.py Установлено соединение с сервером
2022-09-21 16:34:26,152 DEBUG transport.py Сформировано presence сообщение для пользователя test2
2022-09-21 16:34:26,152 DEBUG transport.py Сформировано presence сообщение для пользователя test1
2022-09-21 16:34:26,565 DEBUG transport.py Разбор сообщения от сервера: {'response': 200}
2022-09-21 16:34:26,565 INFO transport.py Соединение с сервером успешно установлено.
2022-09-21 16:34:26,565 DEBUG transport.py Запрос списка известных пользователей test1
2022-09-21 16:34:26,691 DEBUG transport.py Разбор сообщения от сервера: {'response': 200}
2022-09-21 16:34:26,691 INFO transport.py Соединение с сервером успешно установлено.
2022-09-21 16:34:26,691 DEBUG transport.py Запрос списка известных пользователей test2
2022-09-21 16:34:27,447 DEBUG transport.py Запрос контакт листа для пользователя Thread-1
2022-09-21 16:34:27,447 DEBUG transport.py Сформирован запрос {'action': 'get_contacts', 'time': 1663760067.447566, 'user': 'test2'}
2022-09-21 16:34:27,447 DEBUG transport.py Запрос контакт листа для пользователя Thread-1
2022-09-21 16:34:27,447 DEBUG transport.py Сформирован запрос {'action': 'get_contacts', 'time': 1663760067.447566, 'user': 'test1'}
2022-09-21 16:34:27,698 DEBUG transport.py Получен ответ {'response': 202, 'data_list': []}
2022-09-21 16:34:27,698 DEBUG transport.py Запущен процесс - приёмник сообщений с сервера.
2022-09-21 16:34:27,698 DEBUG transport.py Получен ответ {'response': 202, 'data_list': []}
2022-09-21 16:34:27,698 DEBUG transport.py Запущен процесс - приёмник сообщений с сервера.
2022-09-21 16:34:37,674 DEBUG transport.py Создание контакта test1
2022-09-21 16:34:38,408 DEBUG transport.py Разбор сообщения от сервера: {'response': 200}
2022-09-21 16:34:38,516 INFO main_window.py Успешно добавлен контакт <PyQt5.QtGui.QStandardItem object at 0x00000127F8484310>
2022-09-21 16:34:47,271 DEBUG transport.py Сформирован словарь сообщения: {'action': 'message', 'from': 'test2', 'to': 'test1', 'time': 1663760087.2713058, 'mess_text': 'asdasdsad'}
2022-09-21 16:34:56,937 DEBUG transport.py Сформирован словарь сообщения: {'action': 'message', 'from': 'test2', 'to': 'test1', 'time': 1663760096.937094, 'mess_text': 'sdfasf'}
2022-09-21 16:35:09,410 DEBUG transport.py Создание контакта test2
2022-09-21 16:35:20,546 CRITICAL transport.py Потеряно соединение с сервером.
2022-09-21 16:35:20,546 CRITICAL transport.py Потеряно соединение с сервером.
2022-09-21 16:35:21,752 DEBUG transport.py Транспорт завершает работу.
2022-09-21 16:35:22,517 DEBUG transport.py Транспорт завершает работу.
2022-09-21 16:35:52,477 INFO client.py Запущен клиент с парамертами: адрес сервера: 127.0.0.1 , порт: 7777, имя пользователя: test1
2022-09-21 16:35:52,768 INFO transport.py Попытка подключения №1
2022-09-21 16:35:52,768 DEBUG transport.py Установлено соединение с сервером
2022-09-21 16:35:52,768 DEBUG transport.py Сформировано presence сообщение для пользователя test1
2022-09-21 16:35:53,055 INFO transport.py Попытка подключения №1
2022-09-21 16:35:53,055 DEBUG transport.py Установлено соединение с сервером
2022-09-21 16:35:53,055 DEBUG transport.py Сформировано presence сообщение для пользователя test2
2022-09-21 16:35:54,099 DEBUG transport.py Разбор сообщения от сервера: {'response': 200}
2022-09-21 16:35:54,099 INFO transport.py Соединение с сервером успешно установлено.
2022-09-21 16:35:54,099 DEBUG transport.py Запрос списка известных пользователей test1
2022-09-21 16:35:54,182 DEBUG transport.py Разбор сообщения от сервера: {'response': 200}
2022-09-21 16:35:54,182 INFO transport.py Соединение с сервером успешно установлено.
2022-09-21 16:35:54,182 DEBUG transport.py Запрос списка известных пользователей test2
2022-09-21 16:35:55,752 DEBUG transport.py Запрос контакт листа для пользователя Thread-1
2022-09-21 16:35:55,752 DEBUG transport.py Запрос контакт листа для пользователя Thread-1
2022-09-21 16:35:55,752 DEBUG transport.py Сформирован запрос {'action': 'get_contacts', 'time': 1663760155.752439, 'user': 'test1'}
2022-09-21 16:35:55,752 DEBUG transport.py Сформирован запрос {'action': 'get_contacts', 'time': 1663760155.752439, 'user': 'test2'}
2022-09-21 16:35:56,208 DEBUG transport.py Получен ответ {'response': 202, 'data_list': []}
2022-09-21 16:35:56,208 DEBUG transport.py Запущен процесс - приёмник сообщений с сервера.
2022-09-21 16:35:56,208 DEBUG transport.py Получен ответ {'response': 202, 'data_list': ['test1']}
2022-09-21 16:35:56,735 DEBUG transport.py Запущен процесс - приёмник сообщений с сервера.
2022-09-21 16:36:02,289 DEBUG transport.py Сформирован словарь сообщения: {'action': 'message', 'from': 'test2', 'to': 'test1', 'time': 1663760162.2897801, 'mess_text': 'fdgfdg'}
2022-09-21 16:36:10,805 DEBUG transport.py Транспорт завершает работу.
2022-09-21 16:36:11,330 DEBUG transport.py Транспорт завершает работу.
2022-09-28 09:59:17,111 INFO client.py Запущен клиент с парамертами: адрес сервера: 127.0.0.1 , порт: 7777, имя пользователя: test2
2022-09-28 09:59:17,111 INFO client.py Запущен клиент с парамертами: адрес сервера: 127.0.0.1 , порт: 7777, имя пользователя: test1
2022-09-28 09:59:17,281 INFO transport.py Попытка подключения №1
2022-09-28 09:59:17,281 INFO transport.py Попытка подключения №1
2022-09-28 09:59:17,281 DEBUG transport.py Установлено соединение с сервером
2022-09-28 09:59:17,281 DEBUG transport.py Установлено соединение с сервером
2022-09-28 09:59:17,281 DEBUG transport.py Сформировано presence сообщение для пользователя test2
2022-09-28 09:59:17,281 DEBUG transport.py Сформировано presence сообщение для пользователя test1
2022-09-28 09:59:22,284 CRITICAL transport.py Потеряно соединение с сервером!
2022-09-28 09:59:22,284 CRITICAL transport.py Потеряно соединение с сервером!
2022-09-28 09:59:40,195 INFO client.py Запущен клиент с парамертами: адрес сервера: 127.0.0.1 , порт: 7777, имя пользователя: test1
2022-09-28 09:59:40,702 INFO transport.py Попытка подключения №1
2022-09-28 09:59:40,717 INFO transport.py Попытка подключения №1
2022-09-28 09:59:40,742 DEBUG transport.py Установлено соединение с сервером
2022-09-28 09:59:40,742 DEBUG transport.py Сформировано presence сообщение для пользователя test2
2022-09-28 09:59:41,227 DEBUG transport.py Установлено соединение с сервером
2022-09-28 09:59:41,227 DEBUG transport.py Сформировано presence сообщение для пользователя test1
2022-09-28 09:59:41,357 DEBUG transport.py Разбор сообщения от сервера: {'response': 200}
2022-09-28 09:59:41,357 INFO transport.py Соединение с сервером успешно установлено.
2022-09-28 09:59:41,357 DEBUG transport.py Запрос списка известных пользователей test2
2022-09-28 09:59:42,522 DEBUG transport.py Запрос контакт листа для пользователя Thread-1
2022-09-28 09:59:42,522 DEBUG transport.py Сформирован запрос {'action': 'get_contacts', 'time': 1664341182.5224478, 'user': 'test2'}
2022-09-28 09:59:44,397 CRITICAL transport.py Потеряно соединение с сервером.
2022-09-28 09:59:44,397 CRITICAL transport.py Потеряно соединение с сервером!
2022-09-28 10:00:10,115 INFO client.py Запущен клиент с парамертами: адрес сервера: 127.0.0.1 , порт: 7777, имя пользователя: Hjvfy
2022-09-28 10:00:10,581 INFO transport.py Попытка подключения №1
2022-09-28 10:00:10,606 DEBUG transport.py Установлено соединение с сервером
2022-09-28 10:00:10,606 DEBUG transport.py Сформировано presence сообщение для пользователя Hjvfy
2022-09-28 10:00:12,196 DEBUG transport.py Разбор сообщения от сервера: {'response': 200}
2022-09-28 10:00:12,196 INFO transport.py Соединение с сервером успешно установлено.
2022-09-28 10:00:12,196 DEBUG transport.py Запрос списка известных пользователей Hjvfy
2022-09-28 10:00:12,811 DEBUG transport.py Запрос контакт листа для пользователя Thread-1
2022-09-28 10:00:12,811 DEBUG transport.py Сформирован запрос {'action': 'get_contacts', 'time': 1664341212.811573, 'user': 'Hjvfy'}
2022-09-28 10:00:13,216 DEBUG transport.py Получен ответ {'response': 202, 'data_list': []}
2022-09-28 10:00:13,216 DEBUG transport.py Запущен процесс - приёмник сообщений с сервера.
2022-09-28 10:00:22,383 DEBUG transport.py Транспорт завершает работу.
2022-09-28 10:38:47,530 DEBUG client.py Args loaded
2022-09-28 10:39:00,940 DEBUG client.py Using USERNAME = User, PASSWD = 123.
2022-09-28 10:39:00,940 INFO client.py Запущен клиент с параметрами: адрес сервера: 127.0.0.1 , порт: 7777, имя пользователя: User
2022-09-28 10:39:02,426 DEBUG client.py Keys successfully loaded.
2022-09-28 10:39:02,879 INFO transport.py Попытка подключения №1
2022-09-28 10:39:02,880 DEBUG transport.py Connection established.
2022-09-28 10:39:02,880 DEBUG transport.py Starting auth dialog.
2022-09-28 10:39:02,903 DEBUG transport.py Passwd hash ready: b'd6e41ea551b19747c9b599ab94092625a29228eaf9098b4fb2985cff8c69fbfbe159684ff319df2c85160f9723a2771511e4c6aaa67ee768c8b11f5e1d826138'
2022-09-28 10:39:02,903 DEBUG transport.py Presense message = {'action': 'presence', 'time': 1664343542.9034922, 'user': {'account_name': 'User', 'pubkey': '-----BEGIN PUBLIC KEY-----\nMIIBIjANBgkqhkiG9w0BAQEFAAOCAQ8AMIIBCgKCAQEAsrvmNO7D9lgLij0lXfOM\nPxY+pabGPDBvegiG+dAxVjRxXuUeCYuZ6q4tJ3uERr7hP5YvoPeRfIG4adiqwkBT\neYmM1ZDVIN4ZuaOskMIJQUdHgCnRmJRbKY7jrF6ngDFhDrGGBNTaCABUacD9vEi7\nKIDBvfb56yCDHlWe5IFUliyv2cDobYPICohscEn+YxtI2dwW5Tq+kXEjSZcd2BUr\nh7R5x69XlVICnKw1vRnSVNgkjGMSmyXL+FrBroD1Ai1liv3KqnL4OWJoUF+8rBaB\n8XH0ZxKg2c8O5P6/m2Fs801/3hEZNveYUlWm/wUCOvp2XJQ9fHmVHu0JtgE6Fmfz\newIDAQAB\n-----END PUBLIC KEY-----'}}
2022-09-28 10:39:03,409 DEBUG transport.py Server response = {'response': 511, 'bin': '77d8d4a2d5905d6dc28bfff38b01afa8c8a2edceff7e42158c39f1b9c69e6eadc26f180c069b798af5a3732e1a89b1f77deb1f92bea933c783f686cc43188255'}.
2022-09-28 10:39:03,439 DEBUG transport.py Разбор сообщения от сервера: {'response': 200}
2022-09-28 10:39:03,439 DEBUG transport.py Запрос списка известных пользователей User
2022-09-28 10:39:08,421 CRITICAL transport.py Потеряно соединение с сервером.
2022-09-28 10:39:26,544 DEBUG client.py Args loaded
2022-09-28 10:39:33,217 DEBUG client.py Using USERNAME = User, PASSWD = 123.
2022-09-28 10:39:33,218 INFO client.py Запущен клиент с параметрами: адрес сервера: 127.0.0.1 , порт: 7777, имя пользователя: User
2022-09-28 10:39:33,262 DEBUG client.py Keys successfully loaded.
2022-09-28 10:39:34,169 INFO transport.py Попытка подключения №1
2022-09-28 10:39:34,170 DEBUG transport.py Connection established.
2022-09-28 10:39:34,170 DEBUG transport.py Starting auth dialog.
2022-09-28 10:39:34,177 DEBUG transport.py Passwd hash ready: b'd6e41ea551b19747c9b599ab94092625a29228eaf9098b4fb2985cff8c69fbfbe159684ff319df2c85160f9723a2771511e4c6aaa67ee768c8b11f5e1d826138'
2022-09-28 10:39:34,177 DEBUG transport.py Presense message = {'action': 'presence', 'time': 1664343574.1776557, 'user': {'account_name': 'User', 'pubkey': '-----BEGIN PUBLIC KEY-----\nMIIBIjANBgkqhkiG9w0BAQEFAAOCAQ8AMIIBCgKCAQEAsrvmNO7D9lgLij0lXfOM\nPxY+pabGPDBvegiG+dAxVjRxXuUeCYuZ6q4tJ3uERr7hP5YvoPeRfIG4adiqwkBT\neYmM1ZDVIN4ZuaOskMIJQUdHgCnRmJRbKY7jrF6ngDFhDrGGBNTaCABUacD9vEi7\nKIDBvfb56yCDHlWe5IFUliyv2cDobYPICohscEn+YxtI2dwW5Tq+kXEjSZcd2BUr\nh7R5x69XlVICnKw1vRnSVNgkjGMSmyXL+FrBroD1Ai1liv3KqnL4OWJoUF+8rBaB\n8XH0ZxKg2c8O5P6/m2Fs801/3hEZNveYUlWm/wUCOvp2XJQ9fHmVHu0JtgE6Fmfz\newIDAQAB\n-----END PUBLIC KEY-----'}}
2022-09-28 10:39:34,681 DEBUG transport.py Server response = {'response': 511, 'bin': 'e0588f59d19cb77a88fa5127d65dec96a98f9da698fa3ce1282205ff9f27e39b88b852cc5f7b1e4c859439e91a534459dc50365b16031705a9246d774f4a0dc0'}.
2022-09-28 10:39:34,681 DEBUG transport.py Разбор сообщения от сервера: {'response': 200}
2022-09-28 10:39:34,682 DEBUG transport.py Запрос списка известных пользователей User
2022-09-28 10:39:36,093 DEBUG transport.py Запрос контакт листа для пользователся Thread-1
2022-09-28 10:39:36,094 DEBUG transport.py Сформирован запрос {'action': 'get_contacts', 'time': 1664343576.0946538, 'user': 'User'}
2022-09-28 10:39:36,305 DEBUG transport.py Получен ответ {'response': 202, 'data_list': []}
2022-09-28 10:39:36,305 DEBUG client.py Transport ready.
2022-09-28 10:39:36,306 DEBUG transport.py Запущен процесс - приёмник собщений с сервера.
2022-09-28 10:39:49,169 DEBUG transport.py Запрос списка известных пользователей User
2022-09-28 10:39:49,699 DEBUG add_contact.py Обновление списка пользователей с сервера выполнено
2022-09-28 10:39:50,745 DEBUG transport.py Создание контакта User2
2022-09-28 10:39:51,384 DEBUG transport.py Разбор сообщения от сервера: {'response': 200}
2022-09-28 10:39:51,505 INFO main_window.py Успешно добавлен контакт <PyQt5.QtGui.QStandardItem object at 0x0000018DE3176C10>
2022-09-28 10:39:53,544 DEBUG transport.py Запрос публичного ключа для User2
2022-09-28 10:39:53,914 ERROR transport.py Не удалось получить ключ собеседникаUser2.
2022-09-28 10:39:53,914 DEBUG main_window.py Загружен открытый ключ для User2
2022-09-28 10:39:58,071 DEBUG transport.py Запрос публичного ключа для User2
2022-09-28 10:39:58,491 ERROR transport.py Не удалось получить ключ собеседникаUser2.
2022-09-28 10:39:58,491 DEBUG main_window.py Загружен открытый ключ для User2
2022-09-28 10:40:00,938 DEBUG transport.py Транспорт завершает работу.
2022-09-28 10:42:16,855 DEBUG client.py Args loaded
2022-09-28 10:42:23,660 DEBUG client.py Using USERNAME = User2, PASSWD = 123.
2022-09-28 10:42:23,660 INFO client.py Запущен клиент с параметрами: адрес сервера: 127.0.0.1 , порт: 7777, имя пользователя: User2
2022-09-28 10:42:24,158 DEBUG client.py Keys successfully loaded.
2022-09-28 10:42:25,211 INFO transport.py Попытка подключения №1
2022-09-28 10:42:25,223 DEBUG transport.py Connection established.
2022-09-28 10:42:25,223 DEBUG transport.py Starting auth dialog.
2022-09-28 10:42:25,230 DEBUG transport.py Passwd hash ready: b'365f49438390ffd115911feb9ef633f3d7266739690cba686faf0f636a567bea88f6f70693cd291ebb44811bab1c95f2930be20d402a59afcc3eb76a596d1439'
2022-09-28 10:42:25,230 DEBUG transport.py Presense message = {'action': 'presence', 'time': 1664343745.230737, 'user': {'account_name': 'User2', 'pubkey': '-----BEGIN PUBLIC KEY-----\nMIIBIjANBgkqhkiG9w0BAQEFAAOCAQ8AMIIBCgKCAQEAnJIHIv2eQRSvg8MsEA8u\ntSqoT8Zj4Okh0mAg9HFtCqZWLYeePDzREy172LAOBBd3BprspdQY2Eod893q0gXw\nnaiRe1+T+ucN0kfTzXDQOkLhkwqmP3Nqs9OElOzVrZb4yIWrDkinN7Kkxnvxj+YI\n9lVtLBEmOsf5nTUipqotw7IsF1EPD+yV0bwxR/HzOKkWmWbbsS5xzhAYEmKvfxaT\nXHgtR7DQ7ZbW9FpzuMA2SmdtD5MiqH2RRZ8az6e2jRDdNb/R6m0K1MS1NE8Iaebs\nzGQRU7nsfCi2nrFX7jspqR2gpUg0D7sZDy+91GkPfqUgC67BigaJawhXT7HYmZ/y\noQIDAQAB\n-----END PUBLIC KEY-----'}}
2022-09-28 10:42:25,718 DEBUG transport.py Server response = {'response': 511, 'bin': '4e18d0e1073baafefe16d65c1b98fb38422590aee1382768afcb302d4cef4767d645a0ffa7b30f4ef747025deae1794d96734f14b3542fa0981d733e9ed8ea1c'}.
2022-09-28 10:42:25,718 DEBUG transport.py Разбор сообщения от сервера: {'response': 200}
2022-09-28 10:42:25,718 DEBUG transport.py Запрос списка известных пользователей User2
2022-09-28 10:42:27,701 DEBUG transport.py Запрос контакт листа для пользователся Thread-1
2022-09-28 10:42:27,701 DEBUG transport.py Сформирован запрос {'action': 'get_contacts', 'time': 1664343747.7017195, 'user': 'User2'}
2022-09-28 10:42:27,873 DEBUG transport.py Получен ответ {'response': 202, 'data_list': []}
2022-09-28 10:42:27,873 DEBUG client.py Transport ready.
2022-09-28 10:42:27,874 DEBUG transport.py Запущен процесс - приёмник собщений с сервера.
2022-09-28 10:42:32,800 DEBUG transport.py Транспорт завершает работу.
